TColor::TColor:0: RuntimeWarning: color 5974 already defined
[?1034h
--------------------------------------------------------------------------------------------------------------------------
Reading back workspace from full_analysis_anv1_v19_cic2_final_ws.root 

Reading back saved parameter  signals {u'grav_001_750': [u'RSGravToGG_kMpl_001_M_750_13TeV:output.root/%(sel)sGenIso', u'RSGravToGG_kMpl_001_M_750_13TeV:output.root/%(sel)sNonGenIso'], u'grav_02_5000': [u'RSGravToGG_kMpl_02_M_5000_13TeV:output.root/%(sel)sGenIso', u'RSGravToGG_kMpl_02_M_5000_13TeV:output.root/%(sel)sNonGenIso'], u'grav_01_1500': [u'RSGravToGG_kMpl_01_M_1500_13TeV:output.root/%(sel)sGenIso', u'RSGravToGG_kMpl_01_M_1500_13TeV:output.root/%(sel)sNonGenIso'], u'grav_001_5000': [u'RSGravToGG_kMpl_001_M_5000_13TeV:output.root/%(sel)sGenIso', u'RSGravToGG_kMpl_001_M_5000_13TeV:output.root/%(sel)sNonGenIso'], u'grav_001_1500': [u'RSGravToGG_kMpl_001_M_1500_13TeV:output.root/%(sel)sGenIso', u'RSGravToGG_kMpl_001_M_1500_13TeV:output.root/%(sel)sNonGenIso'], u'grav_02_1500': [u'RSGravToGG_kMpl_02_M_1500_13TeV:output.root/%(sel)sGenIso', u'RSGravToGG_kMpl_02_M_1500_13TeV:output.root/%(sel)sNonGenIso'], u'grav_02_3000': [u'RSGravToGG_kMpl_02_M_3000_13TeV:output.root/%(sel)sGenIso', u'RSGravToGG_kMpl_02_M_3000_13TeV:output.root/%(sel)sNonGenIso'], u'grav_01_3000': [u'RSGravToGG_kMpl_01_M_3000_13TeV:output.root/%(sel)sGenIso', u'RSGravToGG_kMpl_01_M_3000_13TeV:output.root/%(sel)sNonGenIso']}
Fits :
---------------------------------------------------------
- cic2 
  ndim : 2 
  components : pp,pf,ff

TTrees :
---------------------------------------------------------
tree_grav_001_5000_cic2_EBEE   :     3564
tree_grav_001_5000_cic2_EBEB   :    63434
tree_grav_02_5000_cic2_EBEB    :    61616
tree_grav_02_5000_cic2_EBEE    :     4589
tree_template_pf_cic2_EBEE     :     9823
tree_grav_01_3000_cic2_EBEE    :     9040
tree_template_pf_cic2_EBEB     :     1366
tree_grav_001_750_cic2_EBEE    :    21260
tree_grav_001_750_cic2_EBEB    :    32259
tree_mctruth_all_ff_cic2_EBEE  :       23
tree_grav_01_1500_cic2_EBEB    :    41078
tree_grav_01_1500_cic2_EBEE    :    18037
tree_grav_01_3000_cic2_EBEB    :    54419
tree_mctruth_pp_cic2_EBEB      :   141693
tree_grav_02_3000_cic2_EBEB    :    54968
tree_data_cic2_EBEE            :   133665
tree_data_cic2_EBEB            :   145379
tree_mctruth_pp_cic2_EBEE      :   129963
tree_grav_02_3000_cic2_EBEE    :     9243
tree_mctruth_ff_cic2_EBEB      :       16
tree_mctruth_ff_cic2_EBEE      :       16
tree_grav_001_1500_cic2_EBEE   :    17780
tree_grav_001_1500_cic2_EBEB   :    41233
tree_mctruth_pf_cic2_EBEE      :     3679
tree_grav_02_1500_cic2_EBEB    :    41620
tree_grav_02_1500_cic2_EBEE    :    17847
tree_mctruth_pf_cic2_EBEB      :     3156
tree_mc_cic2_EBEE              :   133665
tree_mctruth_all_ff_cic2_EBEB  :      530
tree_mc_cic2_EBEB              :   145379

Datasets :
---------------------------------------------------------
data_cic2_EBEB                 :        0
data_cic2_EBEE                 :        0
mc_cic2_EBEB                   :        0
mc_cic2_EBEE                   :        0
grav_001_750_cic2_EBEB         :        0
grav_001_750_cic2_EBEE         :        0
grav_02_5000_cic2_EBEB         :        0
grav_02_5000_cic2_EBEE         :        0
grav_01_1500_cic2_EBEB         :        0
grav_01_1500_cic2_EBEE         :        0
grav_02_3000_cic2_EBEB         :        0
grav_02_3000_cic2_EBEE         :        0
grav_001_1500_cic2_EBEB        :        0
grav_001_1500_cic2_EBEE        :        0
grav_02_1500_cic2_EBEB         :        0
grav_02_1500_cic2_EBEE         :        0
grav_001_5000_cic2_EBEB        :        0
grav_001_5000_cic2_EBEE        :        0
grav_01_3000_cic2_EBEB         :        0
grav_01_3000_cic2_EBEE         :        0
mctruth_pp_cic2_EBEB           :        0
mctruth_pp_cic2_EBEE           :        0
mctruth_pf_cic2_EBEB           :        0
mctruth_pf_cic2_EBEE           :        0
mctruth_all_ff_cic2_EBEB       :        0
mctruth_all_ff_cic2_EBEE       :        0
mctruth_ff_cic2_EBEB           :        0
mctruth_ff_cic2_EBEE           :        0
template_pf_cic2_EBEB          :        0
template_pf_cic2_EBEE          :        0

Number of toys : 0

--------------------------------------------------------------------------------------------------------------------------
